[2016-05-24 18:27:40] local.ERROR: exception 'Symfony\Component\Console\Exception\CommandNotFoundException' with message 'Command "make:models" is not defined.

Did you mean one of these?
    make:model
    make:provider
    make:policy
    make:request
    make:seeder
    make:migration
    make:test
    make:middleware
    make:controller
    make:console
    make:event
    make:job
    make:listener
    make:auth' in C:\xampp\htdocs\monta\trunk\vendor\symfony\console\Application.php:512
Stack trace:
#0 C:\xampp\htdocs\monta\trunk\vendor\symfony\console\Application.php(183): Symfony\Component\Console\Application->find('make:models')
#1 C:\xampp\htdocs\monta\trunk\vendor\symfony\console\Application.php(117): Symfony\Component\Console\Application->doRun(Object(Symfony\Component\Console\Input\ArgvInput), Object(Symfony\Component\Console\Output\ConsoleOutput))
#2 C:\xampp\htdocs\monta\trunk\vendor\laravel\framework\src\Illuminate\Foundation\Console\Kernel.php(107): Symfony\Component\Console\Application->run(Object(Symfony\Component\Console\Input\ArgvInput), Object(Symfony\Component\Console\Output\ConsoleOutput))
#3 C:\xampp\htdocs\monta\trunk\artisan(36): Illuminate\Foundation\Console\Kernel->handle(Object(Symfony\Component\Console\Input\ArgvInput), Object(Symfony\Component\Console\Output\ConsoleOutput))
#4 {main}  
[2016-05-24 19:02:09] local.ERROR: exception 'Symfony\Component\Debug\Exception\FatalErrorException' with message 'syntax error, unexpected '>>' (T_SR)' in C:\xampp\htdocs\monta\trunk\app\Http\routes.php:28
Stack trace:
#0 {main}  
[2016-05-24 19:02:34] local.ERROR: exception 'Symfony\Component\Debug\Exception\FatalErrorException' with message 'syntax error, unexpected end of file' in C:\xampp\htdocs\monta\trunk\app\Http\routes.php:29
Stack trace:
#0 {main}  
[2016-05-24 19:03:47] local.ERROR: exception 'Symfony\Component\Debug\Exception\FatalErrorException' with message 'syntax error, unexpected ')'' in C:\xampp\htdocs\monta\trunk\app\Http\routes.php:15
Stack trace:
#0 {main}  
[2016-05-24 19:04:12] local.ERROR: exception 'Symfony\Component\Debug\Exception\FatalErrorException' with message 'syntax error, unexpected end of file' in C:\xampp\htdocs\monta\trunk\app\Http\Controllers\TahunAjarController.php:38
Stack trace:
#0 {main}  
[2016-05-24 19:07:10] local.ERROR: exception 'PDOException' with message 'SQLSTATE[22P02]: Invalid text representation: 7 ERROR:  sintaks masukan tidak valid untuk tipe numeric: « as »' in C:\xampp\htdocs\monta\trunk\vendor\laravel\framework\src\Illuminate\Database\Connection.php:408
Stack trace:
#0 C:\xampp\htdocs\monta\trunk\vendor\laravel\framework\src\Illuminate\Database\Connection.php(408): PDOStatement->execute(Array)
#1 C:\xampp\htdocs\monta\trunk\vendor\laravel\framework\src\Illuminate\Database\Connection.php(673): Illuminate\Database\Connection->Illuminate\Database\{closure}(Object(Illuminate\Database\PostgresConnection), 'insert into "ta...', Array)
#2 C:\xampp\htdocs\monta\trunk\vendor\laravel\framework\src\Illuminate\Database\Connection.php(636): Illuminate\Database\Connection->runQueryCallback('insert into "ta...', Array, Object(Closure))
#3 C:\xampp\htdocs\monta\trunk\vendor\laravel\framework\src\Illuminate\Database\Connection.php(409): Illuminate\Database\Connection->run('insert into "ta...', Array, Object(Closure))
#4 C:\xampp\htdocs\monta\trunk\vendor\laravel\framework\src\Illuminate\Database\Connection.php(365): Illuminate\Database\Connection->statement('insert into "ta...', Array)
#5 C:\xampp\htdocs\monta\trunk\vendor\laravel\framework\src\Illuminate\Database\Query\Builder.php(2002): Illuminate\Database\Connection->insert('insert into "ta...', Array)
#6 [internal function]: Illuminate\Database\Query\Builder->insert(Array)
#7 C:\xampp\htdocs\monta\trunk\vendor\laravel\framework\src\Illuminate\Database\Eloquent\Builder.php(1385): call_user_func_array(Array, Array)
#8 [internal function]: Illuminate\Database\Eloquent\Builder->__call('insert', Array)
#9 [internal function]: Illuminate\Database\Eloquent\Builder->insert(Array)
#10 C:\xampp\htdocs\monta\trunk\vendor\laravel\framework\src\Illuminate\Database\Eloquent\Model.php(3500): call_user_func_array(Array, Array)
#11 [internal function]: Illuminate\Database\Eloquent\Model->__call('insert', Array)
#12 [internal function]: App\tahun_ajaran->insert(Array)
#13 C:\xampp\htdocs\monta\trunk\vendor\laravel\framework\src\Illuminate\Database\Eloquent\Model.php(3514): call_user_func_array(Array, Array)
#14 C:\xampp\htdocs\monta\trunk\app\Http\Controllers\TahunAjarController.php(36): Illuminate\Database\Eloquent\Model::__callStatic('insert', Array)
#15 C:\xampp\htdocs\monta\trunk\app\Http\Controllers\TahunAjarController.php(36): App\tahun_ajaran::insert(Array)
#16 [internal function]: App\Http\Controllers\TahunAjarController->create()
#17 C:\xampp\htdocs\monta\trunk\vendor\laravel\framework\src\Illuminate\Routing\Controller.php(80): call_user_func_array(Array, Array)
#18 C:\xampp\htdocs\monta\trunk\vendor\laravel\framework\src\Illuminate\Routing\ControllerDispatcher.php(146): Illuminate\Routing\Controller->callAction('create', Array)
#19 C:\xampp\htdocs\monta\trunk\vendor\laravel\framework\src\Illuminate\Routing\ControllerDispatcher.php(94): Illuminate\Routing\ControllerDispatcher->call(Object(App\Http\Controllers\TahunAjarController), Object(Illuminate\Routing\Route), 'create')
#20 [internal function]: Illuminate\Routing\ControllerDispatcher->Illuminate\Routing\{closure}(Object(Illuminate\Http\Request))
#21 C:\xampp\htdocs\monta\trunk\vendor\laravel\framework\src\Illuminate\Routing\Pipeline.php(52): call_user_func(Object(Closure), Object(Illuminate\Http\Request))
#22 [internal function]: Illuminate\Routing\Pipeline->Illuminate\Routing\{closure}(Object(Illuminate\Http\Request))
#23 C:\xampp\htdocs\monta\trunk\vendor\laravel\framework\src\Illuminate\Pipeline\Pipeline.php(103): call_user_func(Object(Closure), Object(Illuminate\Http\Request))
#24 C:\xampp\htdocs\monta\trunk\vendor\laravel\framework\src\Illuminate\Routing\ControllerDispatcher.php(96): Illuminate\Pipeline\Pipeline->then(Object(Closure))
#25 C:\xampp\htdocs\monta\trunk\vendor\laravel\framework\src\Illuminate\Routing\ControllerDispatcher.php(54): Illuminate\Routing\ControllerDispatcher->callWithinStack(Object(App\Http\Controllers\TahunAjarController), Object(Illuminate\Routing\Route), Object(Illuminate\Http\Request), 'create')
#26 C:\xampp\htdocs\monta\trunk\vendor\laravel\framework\src\Illuminate\Routing\Route.php(174): Illuminate\Routing\ControllerDispatcher->dispatch(Object(Illuminate\Routing\Route), Object(Illuminate\Http\Request), 'App\\Http\\Contro...', 'create')
#27 C:\xampp\htdocs\monta\trunk\vendor\laravel\framework\src\Illuminate\Routing\Route.php(140): Illuminate\Routing\Route->runController(Object(Illuminate\Http\Request))
#28 C:\xampp\htdocs\monta\trunk\vendor\laravel\framework\src\Illuminate\Routing\Router.php(724): Illuminate\Routing\Route->run(Object(Illuminate\Http\Request))
#29 [internal function]: Illuminate\Routing\Router->Illuminate\Routing\{closure}(Object(Illuminate\Http\Request))
#30 C:\xampp\htdocs\monta\trunk\vendor\laravel\framework\src\Illuminate\Routing\Pipeline.php(52): call_user_func(Object(Closure), Object(Illuminate\Http\Request))
#31 C:\xampp\htdocs\monta\trunk\vendor\laravel\framework\src\Illuminate\Foundation\Http\Middleware\VerifyCsrfToken.php(64): Illuminate\Routing\Pipeline->Illuminate\Routing\{closure}(Object(Illuminate\Http\Request))
#32 [internal function]: Illuminate\Foundation\Http\Middleware\VerifyCsrfToken->handle(Object(Illuminate\Http\Request), Object(Closure))
#33 C:\xampp\htdocs\monta\trunk\vendor\laravel\framework\src\Illuminate\Pipeline\Pipeline.php(136): call_user_func_array(Array, Array)
#34 [internal function]: Illuminate\Pipeline\Pipeline->Illuminate\Pipeline\{closure}(Object(Illuminate\Http\Request))
#35 C:\xampp\htdocs\monta\trunk\vendor\laravel\framework\src\Illuminate\Routing\Pipeline.php(32): call_user_func(Object(Closure), Object(Illuminate\Http\Request))
#36 C:\xampp\htdocs\monta\trunk\vendor\laravel\framework\src\Illuminate\View\Middleware\ShareErrorsFromSession.php(49): Illuminate\Routing\Pipeline->Illuminate\Routing\{closure}(Object(Illuminate\Http\Request))
#37 [internal function]: Illuminate\View\Middleware\ShareErrorsFromSession->handle(Object(Illuminate\Http\Request), Object(Closure))
#38 C:\xampp\htdocs\monta\trunk\vendor\laravel\framework\src\Illuminate\Pipeline\Pipeline.php(136): call_user_func_array(Array, Array)
#39 [internal function]: Illuminate\Pipeline\Pipeline->Illuminate\Pipeline\{closure}(Object(Illuminate\Http\Request))
#40 C:\xampp\htdocs\monta\trunk\vendor\laravel\framework\src\Illuminate\Routing\Pipeline.php(32): call_user_func(Object(Closure), Object(Illuminate\Http\Request))
#41 C:\xampp\htdocs\monta\trunk\vendor\laravel\framework\src\Illuminate\Session\Middleware\StartSession.php(62): Illuminate\Routing\Pipeline->Illuminate\Routing\{closure}(Object(Illuminate\Http\Request))
#42 [internal function]: Illuminate\Session\Middleware\StartSession->handle(Object(Illuminate\Http\Request), Object(Closure))
#43 C:\xampp\htdocs\monta\trunk\vendor\laravel\framework\src\Illuminate\Pipeline\Pipeline.php(136): call_user_func_array(Array, Array)
#44 [internal function]: Illuminate\Pipeline\Pipeline->Illuminate\Pipeline\{closure}(Object(Illuminate\Http\Request))
#45 C:\xampp\htdocs\monta\trunk\vendor\laravel\framework\src\Illuminate\Routing\Pipeline.php(32): call_user_func(Object(Closure), Object(Illuminate\Http\Request))
#46 C:\xampp\htdocs\monta\trunk\vendor\laravel\framework\src\Illuminate\Cookie\Middleware\AddQueuedCookiesToResponse.php(37): Illuminate\Routing\Pipeline->Illuminate\Routing\{closure}(Object(Illuminate\Http\Request))
#47 [internal function]: Illuminate\Cookie\Middleware\AddQueuedCookiesToResponse->handle(Object(Illuminate\Http\Request), Object(Closure))
#48 C:\xampp\htdocs\monta\trunk\vendor\laravel\framework\src\Illuminate\Pipeline\Pipeline.php(136): call_user_func_array(Array, Array)
#49 [internal function]: Illuminate\Pipeline\Pipeline->Illuminate\Pipeline\{closure}(Object(Illuminate\Http\Request))
#50 C:\xampp\htdocs\monta\trunk\vendor\laravel\framework\src\Illuminate\Routing\Pipeline.php(32): call_user_func(Object(Closure), Object(Illuminate\Http\Request))
#51 C:\xampp\htdocs\monta\trunk\vendor\laravel\framework\src\Illuminate\Cookie\Middleware\EncryptCookies.php(59): Illuminate\Routing\Pipeline->Illuminate\Routing\{closure}(Object(Illuminate\Http\Request))
#52 [internal function]: Illuminate\Cookie\Middleware\EncryptCookies->handle(Object(Illuminate\Http\Request), Object(Closure))
#53 C:\xampp\htdocs\monta\trunk\vendor\laravel\framework\src\Illuminate\Pipeline\Pipeline.php(136): call_user_func_array(Array, Array)
#54 [internal function]: Illuminate\Pipeline\Pipeline->Illuminate\Pipeline\{closure}(Object(Illuminate\Http\Request))
#55 C:\xampp\htdocs\monta\trunk\vendor\laravel\framework\src\Illuminate\Routing\Pipeline.php(32): call_user_func(Object(Closure), Object(Illuminate\Http\Request))
#56 [internal function]: Illuminate\Routing\Pipeline->Illuminate\Routing\{closure}(Object(Illuminate\Http\Request))
#57 C:\xampp\htdocs\monta\trunk\vendor\laravel\framework\src\Illuminate\Pipeline\Pipeline.php(103): call_user_func(Object(Closure), Object(Illuminate\Http\Request))
#58 C:\xampp\htdocs\monta\trunk\vendor\laravel\framework\src\Illuminate\Routing\Router.php(726): Illuminate\Pipeline\Pipeline->then(Object(Closure))
#59 C:\xampp\htdocs\monta\trunk\vendor\laravel\framework\src\Illuminate\Routing\Router.php(699): Illuminate\Routing\Router->runRouteWithinStack(Object(Illuminate\Routing\Route), Object(Illuminate\Http\Request))
#60 C:\xampp\htdocs\monta\trunk\vendor\laravel\framework\src\Illuminate\Routing\Router.php(675): Illuminate\Routing\Router->dispatchToRoute(Object(Illuminate\Http\Request))
#61 C:\xampp\htdocs\monta\trunk\vendor\laravel\framework\src\Illuminate\Foundation\Http\Kernel.php(246): Illuminate\Routing\Router->dispatch(Object(Illuminate\Http\Request))
#62 [internal function]: Illuminate\Foundation\Http\Kernel->Illuminate\Foundation\Http\{closure}(Object(Illuminate\Http\Request))
#63 C:\xampp\htdocs\monta\trunk\vendor\laravel\framework\src\Illuminate\Routing\Pipeline.php(52): call_user_func(Object(Closure), Object(Illuminate\Http\Request))
#64 C:\xampp\htdocs\monta\trunk\vendor\laravel\framework\src\Illuminate\Foundation\Http\Middleware\CheckForMaintenanceMode.php(44): Illuminate\Routing\Pipeline->Illuminate\Routing\{closure}(Object(Illuminate\Http\Request))
#65 [internal function]: Illuminate\Foundation\Http\Middleware\CheckForMaintenanceMode->handle(Object(Illuminate\Http\Request), Object(Closure))
#66 C:\xampp\htdocs\monta\trunk\vendor\laravel\framework\src\Illuminate\Pipeline\Pipeline.php(136): call_user_func_array(Array, Array)
#67 [internal function]: Illuminate\Pipeline\Pipeline->Illuminate\Pipeline\{closure}(Object(Illuminate\Http\Request))
#68 C:\xampp\htdocs\monta\trunk\vendor\laravel\framework\src\Illuminate\Routing\Pipeline.php(32): call_user_func(Object(Closure), Object(Illuminate\Http\Request))
#69 [internal function]: Illuminate\Routing\Pipeline->Illuminate\Routing\{closure}(Object(Illuminate\Http\Request))
#70 C:\xampp\htdocs\monta\trunk\vendor\laravel\framework\src\Illuminate\Pipeline\Pipeline.php(103): call_user_func(Object(Closure), Object(Illuminate\Http\Request))
#71 C:\xampp\htdocs\monta\trunk\vendor\laravel\framework\src\Illuminate\Foundation\Http\Kernel.php(132): Illuminate\Pipeline\Pipeline->then(Object(Closure))
#72 C:\xampp\htdocs\monta\trunk\vendor\laravel\framework\src\Illuminate\Foundation\Http\Kernel.php(99): Illuminate\Foundation\Http\Kernel->sendRequestThroughRouter(Object(Illuminate\Http\Request))
#73 C:\xampp\htdocs\monta\trunk\public\index.php(54): Illuminate\Foundation\Http\Kernel->handle(Object(Illuminate\Http\Request))
#74 {main}

Next exception 'Illuminate\Database\QueryException' with message 'SQLSTATE[22P02]: Invalid text representation: 7 ERROR:  sintaks masukan tidak valid untuk tipe numeric: « as » (SQL: insert into "tahun_ajaran" ("id_thn_ajar", "nm_thn_ajar", "a_aktif", "tgl_mulai", "tgl_selesai", "created_at", "updated_at", "expired_at") values (2, ad, as, jan-01-1995, jan-01-1995, jan-01-1995, jan-01-1995, jan-01-1995))' in C:\xampp\htdocs\monta\trunk\vendor\laravel\framework\src\Illuminate\Database\Connection.php:680
Stack trace:
#0 C:\xampp\htdocs\monta\trunk\vendor\laravel\framework\src\Illuminate\Database\Connection.php(636): Illuminate\Database\Connection->runQueryCallback('insert into "ta...', Array, Object(Closure))
#1 C:\xampp\htdocs\monta\trunk\vendor\laravel\framework\src\Illuminate\Database\Connection.php(409): Illuminate\Database\Connection->run('insert into "ta...', Array, Object(Closure))
#2 C:\xampp\htdocs\monta\trunk\vendor\laravel\framework\src\Illuminate\Database\Connection.php(365): Illuminate\Database\Connection->statement('insert into "ta...', Array)
#3 C:\xampp\htdocs\monta\trunk\vendor\laravel\framework\src\Illuminate\Database\Query\Builder.php(2002): Illuminate\Database\Connection->insert('insert into "ta...', Array)
#4 [internal function]: Illuminate\Database\Query\Builder->insert(Array)
#5 C:\xampp\htdocs\monta\trunk\vendor\laravel\framework\src\Illuminate\Database\Eloquent\Builder.php(1385): call_user_func_array(Array, Array)
#6 [internal function]: Illuminate\Database\Eloquent\Builder->__call('insert', Array)
#7 [internal function]: Illuminate\Database\Eloquent\Builder->insert(Array)
#8 C:\xampp\htdocs\monta\trunk\vendor\laravel\framework\src\Illuminate\Database\Eloquent\Model.php(3500): call_user_func_array(Array, Array)
#9 [internal function]: Illuminate\Database\Eloquent\Model->__call('insert', Array)
#10 [internal function]: App\tahun_ajaran->insert(Array)
#11 C:\xampp\htdocs\monta\trunk\vendor\laravel\framework\src\Illuminate\Database\Eloquent\Model.php(3514): call_user_func_array(Array, Array)
#12 C:\xampp\htdocs\monta\trunk\app\Http\Controllers\TahunAjarController.php(36): Illuminate\Database\Eloquent\Model::__callStatic('insert', Array)
#13 C:\xampp\htdocs\monta\trunk\app\Http\Controllers\TahunAjarController.php(36): App\tahun_ajaran::insert(Array)
#14 [internal function]: App\Http\Controllers\TahunAjarController->create()
#15 C:\xampp\htdocs\monta\trunk\vendor\laravel\framework\src\Illuminate\Routing\Controller.php(80): call_user_func_array(Array, Array)
#16 C:\xampp\htdocs\monta\trunk\vendor\laravel\framework\src\Illuminate\Routing\ControllerDispatcher.php(146): Illuminate\Routing\Controller->callAction('create', Array)
#17 C:\xampp\htdocs\monta\trunk\vendor\laravel\framework\src\Illuminate\Routing\ControllerDispatcher.php(94): Illuminate\Routing\ControllerDispatcher->call(Object(App\Http\Controllers\TahunAjarController), Object(Illuminate\Routing\Route), 'create')
#18 [internal function]: Illuminate\Routing\ControllerDispatcher->Illuminate\Routing\{closure}(Object(Illuminate\Http\Request))
#19 C:\xampp\htdocs\monta\trunk\vendor\laravel\framework\src\Illuminate\Routing\Pipeline.php(52): call_user_func(Object(Closure), Object(Illuminate\Http\Request))
#20 [internal function]: Illuminate\Routing\Pipeline->Illuminate\Routing\{closure}(Object(Illuminate\Http\Request))
#21 C:\xampp\htdocs\monta\trunk\vendor\laravel\framework\src\Illuminate\Pipeline\Pipeline.php(103): call_user_func(Object(Closure), Object(Illuminate\Http\Request))
#22 C:\xampp\htdocs\monta\trunk\vendor\laravel\framework\src\Illuminate\Routing\ControllerDispatcher.php(96): Illuminate\Pipeline\Pipeline->then(Object(Closure))
#23 C:\xampp\htdocs\monta\trunk\vendor\laravel\framework\src\Illuminate\Routing\ControllerDispatcher.php(54): Illuminate\Routing\ControllerDispatcher->callWithinStack(Object(App\Http\Controllers\TahunAjarController), Object(Illuminate\Routing\Route), Object(Illuminate\Http\Request), 'create')
#24 C:\xampp\htdocs\monta\trunk\vendor\laravel\framework\src\Illuminate\Routing\Route.php(174): Illuminate\Routing\ControllerDispatcher->dispatch(Object(Illuminate\Routing\Route), Object(Illuminate\Http\Request), 'App\\Http\\Contro...', 'create')
#25 C:\xampp\htdocs\monta\trunk\vendor\laravel\framework\src\Illuminate\Routing\Route.php(140): Illuminate\Routing\Route->runController(Object(Illuminate\Http\Request))
#26 C:\xampp\htdocs\monta\trunk\vendor\laravel\framework\src\Illuminate\Routing\Router.php(724): Illuminate\Routing\Route->run(Object(Illuminate\Http\Request))
#27 [internal function]: Illuminate\Routing\Router->Illuminate\Routing\{closure}(Object(Illuminate\Http\Request))
#28 C:\xampp\htdocs\monta\trunk\vendor\laravel\framework\src\Illuminate\Routing\Pipeline.php(52): call_user_func(Object(Closure), Object(Illuminate\Http\Request))
#29 C:\xampp\htdocs\monta\trunk\vendor\laravel\framework\src\Illuminate\Foundation\Http\Middleware\VerifyCsrfToken.php(64): Illuminate\Routing\Pipeline->Illuminate\Routing\{closure}(Object(Illuminate\Http\Request))
#30 [internal function]: Illuminate\Foundation\Http\Middleware\VerifyCsrfToken->handle(Object(Illuminate\Http\Request), Object(Closure))
#31 C:\xampp\htdocs\monta\trunk\vendor\laravel\framework\src\Illuminate\Pipeline\Pipeline.php(136): call_user_func_array(Array, Array)
#32 [internal function]: Illuminate\Pipeline\Pipeline->Illuminate\Pipeline\{closure}(Object(Illuminate\Http\Request))
#33 C:\xampp\htdocs\monta\trunk\vendor\laravel\framework\src\Illuminate\Routing\Pipeline.php(32): call_user_func(Object(Closure), Object(Illuminate\Http\Request))
#34 C:\xampp\htdocs\monta\trunk\vendor\laravel\framework\src\Illuminate\View\Middleware\ShareErrorsFromSession.php(49): Illuminate\Routing\Pipeline->Illuminate\Routing\{closure}(Object(Illuminate\Http\Request))
#35 [internal function]: Illuminate\View\Middleware\ShareErrorsFromSession->handle(Object(Illuminate\Http\Request), Object(Closure))
#36 C:\xampp\htdocs\monta\trunk\vendor\laravel\framework\src\Illuminate\Pipeline\Pipeline.php(136): call_user_func_array(Array, Array)
#37 [internal function]: Illuminate\Pipeline\Pipeline->Illuminate\Pipeline\{closure}(Object(Illuminate\Http\Request))
#38 C:\xampp\htdocs\monta\trunk\vendor\laravel\framework\src\Illuminate\Routing\Pipeline.php(32): call_user_func(Object(Closure), Object(Illuminate\Http\Request))
#39 C:\xampp\htdocs\monta\trunk\vendor\laravel\framework\src\Illuminate\Session\Middleware\StartSession.php(62): Illuminate\Routing\Pipeline->Illuminate\Routing\{closure}(Object(Illuminate\Http\Request))
#40 [internal function]: Illuminate\Session\Middleware\StartSession->handle(Object(Illuminate\Http\Request), Object(Closure))
#41 C:\xampp\htdocs\monta\trunk\vendor\laravel\framework\src\Illuminate\Pipeline\Pipeline.php(136): call_user_func_array(Array, Array)
#42 [internal function]: Illuminate\Pipeline\Pipeline->Illuminate\Pipeline\{closure}(Object(Illuminate\Http\Request))
#43 C:\xampp\htdocs\monta\trunk\vendor\laravel\framework\src\Illuminate\Routing\Pipeline.php(32): call_user_func(Object(Closure), Object(Illuminate\Http\Request))
#44 C:\xampp\htdocs\monta\trunk\vendor\laravel\framework\src\Illuminate\Cookie\Middleware\AddQueuedCookiesToResponse.php(37): Illuminate\Routing\Pipeline->Illuminate\Routing\{closure}(Object(Illuminate\Http\Request))
#45 [internal function]: Illuminate\Cookie\Middleware\AddQueuedCookiesToResponse->handle(Object(Illuminate\Http\Request), Object(Closure))
#46 C:\xampp\htdocs\monta\trunk\vendor\laravel\framework\src\Illuminate\Pipeline\Pipeline.php(136): call_user_func_array(Array, Array)
#47 [internal function]: Illuminate\Pipeline\Pipeline->Illuminate\Pipeline\{closure}(Object(Illuminate\Http\Request))
#48 C:\xampp\htdocs\monta\trunk\vendor\laravel\framework\src\Illuminate\Routing\Pipeline.php(32): call_user_func(Object(Closure), Object(Illuminate\Http\Request))
#49 C:\xampp\htdocs\monta\trunk\vendor\laravel\framework\src\Illuminate\Cookie\Middleware\EncryptCookies.php(59): Illuminate\Routing\Pipeline->Illuminate\Routing\{closure}(Object(Illuminate\Http\Request))
#50 [internal function]: Illuminate\Cookie\Middleware\EncryptCookies->handle(Object(Illuminate\Http\Request), Object(Closure))
#51 C:\xampp\htdocs\monta\trunk\vendor\laravel\framework\src\Illuminate\Pipeline\Pipeline.php(136): call_user_func_array(Array, Array)
#52 [internal function]: Illuminate\Pipeline\Pipeline->Illuminate\Pipeline\{closure}(Object(Illuminate\Http\Request))
#53 C:\xampp\htdocs\monta\trunk\vendor\laravel\framework\src\Illuminate\Routing\Pipeline.php(32): call_user_func(Object(Closure), Object(Illuminate\Http\Request))
#54 [internal function]: Illuminate\Routing\Pipeline->Illuminate\Routing\{closure}(Object(Illuminate\Http\Request))
#55 C:\xampp\htdocs\monta\trunk\vendor\laravel\framework\src\Illuminate\Pipeline\Pipeline.php(103): call_user_func(Object(Closure), Object(Illuminate\Http\Request))
#56 C:\xampp\htdocs\monta\trunk\vendor\laravel\framework\src\Illuminate\Routing\Router.php(726): Illuminate\Pipeline\Pipeline->then(Object(Closure))
#57 C:\xampp\htdocs\monta\trunk\vendor\laravel\framework\src\Illuminate\Routing\Router.php(699): Illuminate\Routing\Router->runRouteWithinStack(Object(Illuminate\Routing\Route), Object(Illuminate\Http\Request))
#58 C:\xampp\htdocs\monta\trunk\vendor\laravel\framework\src\Illuminate\Routing\Router.php(675): Illuminate\Routing\Router->dispatchToRoute(Object(Illuminate\Http\Request))
#59 C:\xampp\htdocs\monta\trunk\vendor\laravel\framework\src\Illuminate\Foundation\Http\Kernel.php(246): Illuminate\Routing\Router->dispatch(Object(Illuminate\Http\Request))
#60 [internal function]: Illuminate\Foundation\Http\Kernel->Illuminate\Foundation\Http\{closure}(Object(Illuminate\Http\Request))
#61 C:\xampp\htdocs\monta\trunk\vendor\laravel\framework\src\Illuminate\Routing\Pipeline.php(52): call_user_func(Object(Closure), Object(Illuminate\Http\Request))
#62 C:\xampp\htdocs\monta\trunk\vendor\laravel\framework\src\Illuminate\Foundation\Http\Middleware\CheckForMaintenanceMode.php(44): Illuminate\Routing\Pipeline->Illuminate\Routing\{closure}(Object(Illuminate\Http\Request))
#63 [internal function]: Illuminate\Foundation\Http\Middleware\CheckForMaintenanceMode->handle(Object(Illuminate\Http\Request), Object(Closure))
#64 C:\xampp\htdocs\monta\trunk\vendor\laravel\framework\src\Illuminate\Pipeline\Pipeline.php(136): call_user_func_array(Array, Array)
#65 [internal function]: Illuminate\Pipeline\Pipeline->Illuminate\Pipeline\{closure}(Object(Illuminate\Http\Request))
#66 C:\xampp\htdocs\monta\trunk\vendor\laravel\framework\src\Illuminate\Routing\Pipeline.php(32): call_user_func(Object(Closure), Object(Illuminate\Http\Request))
#67 [internal function]: Illuminate\Routing\Pipeline->Illuminate\Routing\{closure}(Object(Illuminate\Http\Request))
#68 C:\xampp\htdocs\monta\trunk\vendor\laravel\framework\src\Illuminate\Pipeline\Pipeline.php(103): call_user_func(Object(Closure), Object(Illuminate\Http\Request))
#69 C:\xampp\htdocs\monta\trunk\vendor\laravel\framework\src\Illuminate\Foundation\Http\Kernel.php(132): Illuminate\Pipeline\Pipeline->then(Object(Closure))
#70 C:\xampp\htdocs\monta\trunk\vendor\laravel\framework\src\Illuminate\Foundation\Http\Kernel.php(99): Illuminate\Foundation\Http\Kernel->sendRequestThroughRouter(Object(Illuminate\Http\Request))
#71 C:\xampp\htdocs\monta\trunk\public\index.php(54): Illuminate\Foundation\Http\Kernel->handle(Object(Illuminate\Http\Request))
#72 {main}  
